# JRE version: Java(TM) SE Runtime Environment (8.0_201-b09) (build 1.8.0_201-b09)
# Java VM: Java HotSpot(TM) 64-Bit Server VM (25.201-b09 mixed mode windows-amd64 compressed oops)
Heap:
 PSYoungGen      total 135168K, used 42835K [0x00000000d5f00000, 0x00000000e0800000, 0x0000000100000000)
  eden space 128000K, 27% used [0x00000000d5f00000,0x00000000d81d9e20,0x00000000ddc00000)
  from space 7168K, 99% used [0x00000000ddc00000,0x00000000de2fafa0,0x00000000de300000)
  to   space 8192K, 0% used [0x00000000e0000000,0x00000000e0000000,0x00000000e0800000)
 ParOldGen       total 49152K, used 6095K [0x0000000081c00000, 0x0000000084c00000, 0x00000000d5f00000)
  object space 49152K, 12% used [0x0000000081c00000,0x00000000821f3d28,0x0000000084c00000)
 Metaspace       used 32052K, capacity 33470K, committed 33664K, reserved 1079296K
  class space    used 4335K, capacity 4652K, committed 4736K, reserved 1048576K
GC Heap History (10 events):
Event: 7.336 GC heap before
{Heap before GC invocations=6 (full 0):
 PSYoungGen      total 38400K, used 38374K [0x00000000d5f00000, 0x00000000dac00000, 0x0000000100000000)
  eden space 33280K, 100% used [0x00000000d5f00000,0x00000000d7f80000,0x00000000d7f80000)
  from space 5120K, 99% used [0x00000000d7f80000,0x00000000d8479b28,0x00000000d8480000)
  to   space 6144K, 0% used [0x00000000da600000,0x00000000da600000,0x00000000dac00000)
 ParOldGen       total 87552K, used 344K [0x0000000081c00000, 0x0000000087180000, 0x00000000d5f00000)
  object space 87552K, 0% used [0x0000000081c00000,0x0000000081c56330,0x0000000087180000)
 Metaspace       used 19454K, capacity 20496K, committed 20736K, reserved 1067008K
  class space    used 2522K, capacity 2749K, committed 2816K, reserved 1048576K
Event: 7.350 GC heap after
Heap after GC invocations=6 (full 0):
 PSYoungGen      total 71680K, used 6114K [0x00000000d5f00000, 0x00000000dae00000, 0x0000000100000000)
  eden space 65536K, 0% used [0x00000000d5f00000,0x00000000d5f00000,0x00000000d9f00000)
  from space 6144K, 99% used [0x00000000da600000,0x00000000dabf8928,0x00000000dac00000)
  to   space 7168K, 0% used [0x00000000d9f00000,0x00000000d9f00000,0x00000000da600000)
 ParOldGen       total 87552K, used 360K [0x0000000081c00000, 0x0000000087180000, 0x00000000d5f00000)
  object space 87552K, 0% used [0x0000000081c00000,0x0000000081c5a330,0x0000000087180000)
 Metaspace       used 19454K, capacity 20496K, committed 20736K, reserved 1067008K
  class space    used 2522K, capacity 2749K, committed 2816K, reserved 1048576K
}
Event: 7.519 GC heap before
{Heap before GC invocations=7 (full 0):
 PSYoungGen      total 71680K, used 22987K [0x00000000d5f00000, 0x00000000dae00000, 0x0000000100000000)
  eden space 65536K, 25% used [0x00000000d5f00000,0x00000000d6f7a328,0x00000000d9f00000)
  from space 6144K, 99% used [0x00000000da600000,0x00000000dabf8928,0x00000000dac00000)
  to   space 7168K, 0% used [0x00000000d9f00000,0x00000000d9f00000,0x00000000da600000)
 ParOldGen       total 87552K, used 360K [0x0000000081c00000, 0x0000000087180000, 0x00000000d5f00000)
  object space 87552K, 0% used [0x0000000081c00000,0x0000000081c5a330,0x0000000087180000)
 Metaspace       used 20148K, capacity 21194K, committed 21296K, reserved 1067008K
  class space    used 2628K, capacity 2852K, committed 2944K, reserved 1048576K
Event: 7.529 GC heap after
Heap after GC invocations=7 (full 0):
 PSYoungGen      total 72704K, used 3152K [0x00000000d5f00000, 0x00000000ded00000, 0x0000000100000000)
  eden space 65536K, 0% used [0x00000000d5f00000,0x00000000d5f00000,0x00000000d9f00000)
  from space 7168K, 43% used [0x00000000d9f00000,0x00000000da214010,0x00000000da600000)
  to   space 7168K, 0% used [0x00000000de600000,0x00000000de600000,0x00000000ded00000)
 ParOldGen       total 87552K, used 2879K [0x0000000081c00000, 0x0000000087180000, 0x00000000d5f00000)
  object space 87552K, 3% used [0x0000000081c00000,0x0000000081ecfd40,0x0000000087180000)
 Metaspace       used 20148K, capacity 21194K, committed 21296K, reserved 1067008K
  class space    used 2628K, capacity 2852K, committed 2944K, reserved 1048576K
}
Event: 7.529 GC heap before
{Heap before GC invocations=8 (full 1):
 PSYoungGen      total 72704K, used 3152K [0x00000000d5f00000, 0x00000000ded00000, 0x0000000100000000)
  eden space 65536K, 0% used [0x00000000d5f00000,0x00000000d5f00000,0x00000000d9f00000)
  from space 7168K, 43% used [0x00000000d9f00000,0x00000000da214010,0x00000000da600000)
  to   space 7168K, 0% used [0x00000000de600000,0x00000000de600000,0x00000000ded00000)
 ParOldGen       total 87552K, used 2879K [0x0000000081c00000, 0x0000000087180000, 0x00000000d5f00000)
  object space 87552K, 3% used [0x0000000081c00000,0x0000000081ecfd40,0x0000000087180000)
 Metaspace       used 20148K, capacity 21194K, committed 21296K, reserved 1067008K
  class space    used 2628K, capacity 2852K, committed 2944K, reserved 1048576K
Event: 7.593 GC heap after
Heap after GC invocations=8 (full 1):
 PSYoungGen      total 72704K, used 0K [0x00000000d5f00000, 0x00000000ded00000, 0x0000000100000000)
  eden space 65536K, 0% used [0x00000000d5f00000,0x00000000d5f00000,0x00000000d9f00000)
  from space 7168K, 0% used [0x00000000d9f00000,0x00000000d9f00000,0x00000000da600000)
  to   space 7168K, 0% used [0x00000000de600000,0x00000000de600000,0x00000000ded00000)
 ParOldGen       total 49152K, used 5542K [0x0000000081c00000, 0x0000000084c00000, 0x00000000d5f00000)
  object space 49152K, 11% used [0x0000000081c00000,0x00000000821699e0,0x0000000084c00000)
 Metaspace       used 20148K, capacity 21194K, committed 21296K, reserved 1067008K
  class space    used 2628K, capacity 2852K, committed 2944K, reserved 1048576K
}
Event: 8.331 GC heap before
{Heap before GC invocations=9 (full 1):
 PSYoungGen      total 72704K, used 65536K [0x00000000d5f00000, 0x00000000ded00000, 0x0000000100000000)
  eden space 65536K, 100% used [0x00000000d5f00000,0x00000000d9f00000,0x00000000d9f00000)
  from space 7168K, 0% used [0x00000000d9f00000,0x00000000d9f00000,0x00000000da600000)
  to   space 7168K, 0% used [0x00000000de600000,0x00000000de600000,0x00000000ded00000)
 ParOldGen       total 49152K, used 5542K [0x0000000081c00000, 0x0000000084c00000, 0x00000000d5f00000)
  object space 49152K, 11% used [0x0000000081c00000,0x00000000821699e0,0x0000000084c00000)
 Metaspace       used 23589K, capacity 24834K, committed 25088K, reserved 1071104K
  class space    used 3048K, capacity 3302K, committed 3328K, reserved 1048576K
Event: 8.338 GC heap after
Heap after GC invocations=9 (full 1):
 PSYoungGen      total 116224K, used 3632K [0x00000000d5f00000, 0x00000000dea00000, 0x0000000100000000)
  eden space 112128K, 0% used [0x00000000d5f00000,0x00000000d5f00000,0x00000000dcc80000)
  from space 4096K, 88% used [0x00000000de600000,0x00000000de98c268,0x00000000dea00000)
  to   space 7168K, 0% used [0x00000000ddc00000,0x00000000ddc00000,0x00000000de300000)
 ParOldGen       total 49152K, used 5550K [0x0000000081c00000, 0x0000000084c00000, 0x00000000d5f00000)
  object space 49152K, 11% used [0x0000000081c00000,0x000000008216b9e0,0x0000000084c00000)
 Metaspace       used 23589K, capacity 24834K, committed 25088K, reserved 1071104K
  class space    used 3048K, capacity 3302K, committed 3328K, reserved 1048576K
}
Event: 13.180 GC heap before
{Heap before GC invocations=10 (full 1):
 PSYoungGen      total 116224K, used 115760K [0x00000000d5f00000, 0x00000000dea00000, 0x0000000100000000)
  eden space 112128K, 100% used [0x00000000d5f00000,0x00000000dcc80000,0x00000000dcc80000)
  from space 4096K, 88% used [0x00000000de600000,0x00000000de98c268,0x00000000dea00000)
  to   space 7168K, 0% used [0x00000000ddc00000,0x00000000ddc00000,0x00000000de300000)
 ParOldGen       total 49152K, used 5550K [0x0000000081c00000, 0x0000000084c00000, 0x00000000d5f00000)
  object space 49152K, 11% used [0x0000000081c00000,0x000000008216b9e0,0x0000000084c00000)
 Metaspace       used 29880K, capacity 31192K, committed 31488K, reserved 1077248K
  class space    used 4010K, capacity 4281K, committed 4352K, reserved 1048576K
Event: 13.199 GC heap after
Heap after GC invocations=10 (full 1):
 PSYoungGen      total 135168K, used 7147K [0x00000000d5f00000, 0x00000000e0800000, 0x0000000100000000)
  eden space 128000K, 0% used [0x00000000d5f00000,0x00000000d5f00000,0x00000000ddc00000)
  from space 7168K, 99% used [0x00000000ddc00000,0x00000000de2fafa0,0x00000000de300000)
  to   space 8192K, 0% used [0x00000000e0000000,0x00000000e0000000,0x00000000e0800000)
 ParOldGen       total 49152K, used 6095K [0x0000000081c00000, 0x0000000084c00000, 0x00000000d5f00000)
  object space 49152K, 12% used [0x0000000081c00000,0x00000000821f3d28,0x0000000084c00000)
 Metaspace       used 29880K, capacity 31192K, committed 31488K, reserved 1077248K
  class space    used 4010K, capacity 4281K, committed 4352K, reserved 1048576K
}

